[0m04:37:40.963509 [debug] [MainThread]: Sending event: {'category': 'dbt', 'action': 'invocation', 'label': 'start', 'context': [<snowplow_tracker.self_describing_json.SelfDescribingJson object at 0x111b07150>, <snowplow_tracker.self_describing_json.SelfDescribingJson object at 0x111b22d10>, <snowplow_tracker.self_describing_json.SelfDescribingJson object at 0x111b23410>]}


============================== 04:37:40.974411 | 96124501-1a22-491c-8b1e-734c1364f42b ==============================
[0m04:37:40.974411 [info ] [MainThread]: Running with dbt=1.9.2
[0m04:37:40.976000 [debug] [MainThread]: running dbt with arguments {'printer_width': '80', 'indirect_selection': 'eager', 'log_cache_events': 'False', 'write_json': 'True', 'partial_parse': 'True', 'cache_selected_only': 'False', 'warn_error': 'None', 'fail_fast': 'False', 'debug': 'False', 'log_path': 'logs', 'profiles_dir': '/Users/macbookpro/.dbt', 'version_check': 'True', 'use_colors': 'True', 'use_experimental_parser': 'False', 'empty': 'None', 'quiet': 'False', 'no_print': 'None', 'warn_error_options': 'WarnErrorOptions(include=[], exclude=[])', 'static_parser': 'True', 'log_format': 'default', 'introspect': 'True', 'target_path': 'None', 'invocation_command': 'dbt init xkcd_dbt', 'send_anonymous_usage_stats': 'True'}
[0m04:37:41.013990 [debug] [MainThread]: Starter project path: /Users/macbookpro/Desktop/XkCD-transform/venv/lib/python3.11/site-packages/dbt/include/starter_project
[0m04:37:41.033158 [info ] [MainThread]: 
Your new dbt project "xkcd_dbt" was created!

For more information on how to configure the profiles.yml file,
please consult the dbt documentation here:

  https://docs.getdbt.com/docs/configure-your-profile

One more thing:

Need help? Don't hesitate to reach out to us via GitHub issues or on Slack:

  https://community.getdbt.com/

Happy modeling!

[0m04:37:41.034609 [info ] [MainThread]: Setting up your profile.
[0m04:38:19.841037 [info ] [MainThread]: Profile xkcd_dbt written to /Users/macbookpro/.dbt/profiles.yml using target's profile_template.yml and your supplied values. Run 'dbt debug' to validate the connection.
[0m04:38:19.852052 [debug] [MainThread]: Resource report: {"command_name": "init", "command_success": true, "command_wall_clock_time": 39.049564, "process_in_blocks": "0", "process_kernel_time": 0.987371, "process_mem_max_rss": "172986368", "process_out_blocks": "0", "process_user_time": 3.716337}
[0m04:38:19.852941 [debug] [MainThread]: Command `dbt init` succeeded at 04:38:19.852766 after 39.05 seconds
[0m04:38:19.853681 [debug] [MainThread]: Sending event: {'category': 'dbt', 'action': 'invocation', 'label': 'end', 'context': [<snowplow_tracker.self_describing_json.SelfDescribingJson object at 0x111b230d0>, <snowplow_tracker.self_describing_json.SelfDescribingJson object at 0x111b23150>, <snowplow_tracker.self_describing_json.SelfDescribingJson object at 0x1118d5190>]}
[0m04:38:19.855633 [debug] [MainThread]: Flushing usage events
[0m04:38:20.285235 [debug] [MainThread]: An error was encountered while trying to flush usage events
[0m04:38:36.247031 [debug] [MainThread]: Sending event: {'category': 'dbt', 'action': 'invocation', 'label': 'start', 'context': [<snowplow_tracker.self_describing_json.SelfDescribingJson object at 0x11225d390>, <snowplow_tracker.self_describing_json.SelfDescribingJson object at 0x1122ced50>, <snowplow_tracker.self_describing_json.SelfDescribingJson object at 0x1122cf450>]}


============================== 04:38:36.253482 | 05938afc-1d58-4f6b-83ac-1a1ad2ee7c58 ==============================
[0m04:38:36.253482 [info ] [MainThread]: Running with dbt=1.9.2
[0m04:38:36.254443 [debug] [MainThread]: running dbt with arguments {'printer_width': '80', 'indirect_selection': 'eager', 'log_cache_events': 'False', 'write_json': 'True', 'partial_parse': 'True', 'cache_selected_only': 'False', 'warn_error': 'None', 'version_check': 'True', 'debug': 'False', 'log_path': 'logs', 'fail_fast': 'False', 'profiles_dir': '/Users/macbookpro/.dbt', 'use_colors': 'True', 'use_experimental_parser': 'False', 'empty': 'None', 'quiet': 'False', 'no_print': 'None', 'log_format': 'default', 'static_parser': 'True', 'introspect': 'True', 'warn_error_options': 'WarnErrorOptions(include=[], exclude=[])', 'target_path': 'None', 'invocation_command': 'dbt debug', 'send_anonymous_usage_stats': 'True'}
[0m04:38:36.280154 [info ] [MainThread]: dbt version: 1.9.2
[0m04:38:36.280846 [info ] [MainThread]: python version: 3.11.6
[0m04:38:36.281542 [info ] [MainThread]: python path: /Users/macbookpro/Desktop/XkCD-transform/venv/bin/python
[0m04:38:36.282044 [info ] [MainThread]: os info: macOS-14.6.1-x86_64-i386-64bit
[0m04:38:36.293661 [info ] [MainThread]: Error importing adapter: No module named 'dbt.adapters.snowflake'
[0m04:38:38.283816 [info ] [MainThread]: Using profiles dir at /Users/macbookpro/.dbt
[0m04:38:38.286956 [info ] [MainThread]: Using profiles.yml file at /Users/macbookpro/.dbt/profiles.yml
[0m04:38:38.288366 [info ] [MainThread]: Using dbt_project.yml file at /Users/macbookpro/Desktop/XkCD-transform/dbt_project.yml
[0m04:38:38.290026 [info ] [MainThread]: Configuration:
[0m04:38:38.292396 [info ] [MainThread]:   profiles.yml file [[31mERROR invalid[0m]
[0m04:38:38.293491 [info ] [MainThread]:   dbt_project.yml file [[31mERROR not found[0m]
[0m04:38:38.294756 [info ] [MainThread]: Required dependencies:
[0m04:38:38.295803 [debug] [MainThread]: Executing "git --help"
[0m04:38:38.359345 [debug] [MainThread]: STDOUT: "b"usage: git [-v | --version] [-h | --help] [-C <path>] [-c <name>=<value>]\n           [--exec-path[=<path>]] [--html-path] [--man-path] [--info-path]\n           [-p | --paginate | -P | --no-pager] [--no-replace-objects] [--bare]\n           [--git-dir=<path>] [--work-tree=<path>] [--namespace=<name>]\n           [--super-prefix=<path>] [--config-env=<name>=<envvar>]\n           <command> [<args>]\n\nThese are common Git commands used in various situations:\n\nstart a working area (see also: git help tutorial)\n   clone     Clone a repository into a new directory\n   init      Create an empty Git repository or reinitialize an existing one\n\nwork on the current change (see also: git help everyday)\n   add       Add file contents to the index\n   mv        Move or rename a file, a directory, or a symlink\n   restore   Restore working tree files\n   rm        Remove files from the working tree and from the index\n\nexamine the history and state (see also: git help revisions)\n   bisect    Use binary search to find the commit that introduced a bug\n   diff      Show changes between commits, commit and working tree, etc\n   grep      Print lines matching a pattern\n   log       Show commit logs\n   show      Show various types of objects\n   status    Show the working tree status\n\ngrow, mark and tweak your common history\n   branch    List, create, or delete branches\n   commit    Record changes to the repository\n   merge     Join two or more development histories together\n   rebase    Reapply commits on top of another base tip\n   reset     Reset current HEAD to the specified state\n   switch    Switch branches\n   tag       Create, list, delete or verify a tag object signed with GPG\n\ncollaborate (see also: git help workflows)\n   fetch     Download objects and refs from another repository\n   pull      Fetch from and integrate with another repository or a local branch\n   push      Update remote refs along with associated objects\n\n'git help -a' and 'git help -g' list available subcommands and some\nconcept guides. See 'git help <command>' or 'git help <concept>'\nto read about a specific subcommand or concept.\nSee 'git help git' for an overview of the system.\n""
[0m04:38:38.361365 [debug] [MainThread]: STDERR: "b''"
[0m04:38:38.362359 [info ] [MainThread]:  - git [[32mOK found[0m]

[0m04:38:38.363252 [info ] [MainThread]: Connection test skipped since no profile was found
[0m04:38:38.364315 [info ] [MainThread]: [31m2 checks failed:[0m
[0m04:38:38.365225 [info ] [MainThread]: Could not load dbt_project.yml
Profile loading failed for the following reason:
Runtime Error
  Credentials in profile "dbtmn", target "dev" invalid: Runtime Error
    Could not find adapter type snowflake!


[0m04:38:38.366241 [info ] [MainThread]: Project loading failed for the following reason:
 project path </Users/macbookpro/Desktop/XkCD-transform/dbt_project.yml> not found

[0m04:38:38.371751 [debug] [MainThread]: Resource report: {"command_name": "debug", "command_success": false, "command_wall_clock_time": 2.229296, "process_in_blocks": "0", "process_kernel_time": 0.744641, "process_mem_max_rss": "174477312", "process_out_blocks": "0", "process_user_time": 3.5796}
[0m04:38:38.375382 [debug] [MainThread]: Command `dbt debug` failed at 04:38:38.374954 after 2.23 seconds
[0m04:38:38.376655 [debug] [MainThread]: Sending event: {'category': 'dbt', 'action': 'invocation', 'label': 'end', 'context': [<snowplow_tracker.self_describing_json.SelfDescribingJson object at 0x112081590>, <snowplow_tracker.self_describing_json.SelfDescribingJson object at 0x1122ebc90>, <snowplow_tracker.self_describing_json.SelfDescribingJson object at 0x1122ebad0>]}
[0m04:38:38.383129 [debug] [MainThread]: Flushing usage events
[0m04:38:38.826708 [debug] [MainThread]: An error was encountered while trying to flush usage events
